# JRE version: Java(TM) SE Runtime Environment (21.0+35) (build 21+35-LTS-2513)
# Java VM: Java HotSpot(TM) 64-Bit Server VM (21+35-LTS-2513, mixed mode, sharing, tiered, compressed oops, compressed class ptrs, g1 gc, windows-amd64)
GC Precious Log:
 CardTable entry size: 512
 Card Set container configuration: InlinePtr #cards 4 size 8 Array Of Cards #cards 32 size 80 Howl #buckets 8 coarsen threshold 7372 Howl Bitmap #cards 1024 size 144 coarsen threshold 921 Card regions per heap region 1 cards per card region 8192
 CPUs: 4 total, 4 available
 Memory: 7971M
 Large Page Support: Disabled
 NUMA Support: Disabled
 Compressed Oops: Enabled (Zero based)
 Heap Region Size: 4M
 Heap Min Capacity: 8M
 Heap Initial Capacity: 128M
 Heap Max Capacity: 8G
 Pre-touch: Disabled
 Parallel Workers: 4
 Concurrent Workers: 1
 Concurrent Refinement Workers: 4
 Periodic GC: Disabled
Heap:
 garbage-first heap   total 356352K, used 227432K [0x0000000600000000, 0x0000000800000000)
  region size 4096K, 5 young (20480K), 3 survivors (12288K)
 Metaspace       used 114577K, committed 117248K, reserved 1179648K
  class space    used 15711K, committed 17024K, reserved 1048576K
GC Heap History (20 events):
Event: 38.236 GC heap before
{Heap before GC invocations=30 (full 0):
 garbage-first heap   total 233472K, used 199974K [0x0000000600000000, 0x0000000800000000)
  region size 4096K, 19 young (77824K), 3 survivors (12288K)
 Metaspace       used 93334K, committed 95680K, reserved 1179648K
  class space    used 13093K, committed 14272K, reserved 1048576K
}
Event: 38.254 GC heap after
{Heap after GC invocations=31 (full 0):
 garbage-first heap   total 233472K, used 141465K [0x0000000600000000, 0x0000000800000000)
  region size 4096K, 1 young (4096K), 1 survivors (4096K)
 Metaspace       used 93334K, committed 95680K, reserved 1179648K
  class space    used 13093K, committed 14272K, reserved 1048576K
}
Event: 40.160 GC heap before
{Heap before GC invocations=31 (full 0):
 garbage-first heap   total 233472K, used 207001K [0x0000000600000000, 0x0000000800000000)
  region size 4096K, 17 young (69632K), 1 survivors (4096K)
 Metaspace       used 98162K, committed 100544K, reserved 1179648K
  class space    used 13809K, committed 14976K, reserved 1048576K
}
Event: 40.175 GC heap after
{Heap after GC invocations=32 (full 0):
 garbage-first heap   total 233472K, used 143583K [0x0000000600000000, 0x0000000800000000)
  region size 4096K, 2 young (8192K), 2 survivors (8192K)
 Metaspace       used 98162K, committed 100544K, reserved 1179648K
  class space    used 13809K, committed 14976K, reserved 1048576K
}
Event: 41.545 GC heap before
{Heap before GC invocations=33 (full 0):
 garbage-first heap   total 282624K, used 205023K [0x0000000600000000, 0x0000000800000000)
  region size 4096K, 17 young (69632K), 2 survivors (8192K)
 Metaspace       used 100055K, committed 102464K, reserved 1179648K
  class space    used 14125K, committed 15296K, reserved 1048576K
}
Event: 41.578 GC heap after
{Heap after GC invocations=34 (full 0):
 garbage-first heap   total 282624K, used 149748K [0x0000000600000000, 0x0000000800000000)
  region size 4096K, 3 young (12288K), 3 survivors (12288K)
 Metaspace       used 100055K, committed 102464K, reserved 1179648K
  class space    used 14125K, committed 15296K, reserved 1048576K
}
Event: 44.208 GC heap before
{Heap before GC invocations=34 (full 0):
 garbage-first heap   total 282624K, used 248052K [0x0000000600000000, 0x0000000800000000)
  region size 4096K, 28 young (114688K), 3 survivors (12288K)
 Metaspace       used 101096K, committed 103616K, reserved 1179648K
  class space    used 14255K, committed 15488K, reserved 1048576K
}
Event: 44.244 GC heap after
{Heap after GC invocations=35 (full 0):
 garbage-first heap   total 339968K, used 154864K [0x0000000600000000, 0x0000000800000000)
  region size 4096K, 3 young (12288K), 3 survivors (12288K)
 Metaspace       used 101096K, committed 103616K, reserved 1179648K
  class space    used 14255K, committed 15488K, reserved 1048576K
}
Event: 47.610 GC heap before
{Heap before GC invocations=35 (full 0):
 garbage-first heap   total 339968K, used 294128K [0x0000000600000000, 0x0000000800000000)
  region size 4096K, 37 young (151552K), 3 survivors (12288K)
 Metaspace       used 102958K, committed 105536K, reserved 1179648K
  class space    used 14552K, committed 15808K, reserved 1048576K
}
Event: 47.657 GC heap after
{Heap after GC invocations=36 (full 0):
 garbage-first heap   total 339968K, used 169828K [0x0000000600000000, 0x0000000800000000)
  region size 4096K, 5 young (20480K), 5 survivors (20480K)
 Metaspace       used 102958K, committed 105536K, reserved 1179648K
  class space    used 14552K, committed 15808K, reserved 1048576K
}
Event: 60.028 GC heap before
{Heap before GC invocations=36 (full 0):
 garbage-first heap   total 339968K, used 284516K [0x0000000600000000, 0x0000000800000000)
  region size 4096K, 34 young (139264K), 5 survivors (20480K)
 Metaspace       used 112315K, committed 114880K, reserved 1179648K
  class space    used 15565K, committed 16832K, reserved 1048576K
}
Event: 60.090 GC heap after
{Heap after GC invocations=37 (full 0):
 garbage-first heap   total 339968K, used 186485K [0x0000000600000000, 0x0000000800000000)
  region size 4096K, 4 young (16384K), 4 survivors (16384K)
 Metaspace       used 112315K, committed 114880K, reserved 1179648K
  class space    used 15565K, committed 16832K, reserved 1048576K
}
Event: 75.752 GC heap before
{Heap before GC invocations=37 (full 0):
 garbage-first heap   total 339968K, used 292981K [0x0000000600000000, 0x0000000800000000)
  region size 4096K, 31 young (126976K), 4 survivors (16384K)
 Metaspace       used 113174K, committed 115840K, reserved 1179648K
  class space    used 15610K, committed 16896K, reserved 1048576K
}
Event: 75.772 GC heap after
{Heap after GC invocations=38 (full 0):
 garbage-first heap   total 339968K, used 194174K [0x0000000600000000, 0x0000000800000000)
  region size 4096K, 2 young (8192K), 2 survivors (8192K)
 Metaspace       used 113174K, committed 115840K, reserved 1179648K
  class space    used 15610K, committed 16896K, reserved 1048576K
}
Event: 87.187 GC heap before
{Heap before GC invocations=39 (full 0):
 garbage-first heap   total 356352K, used 304766K [0x0000000600000000, 0x0000000800000000)
  region size 4096K, 29 young (118784K), 2 survivors (8192K)
 Metaspace       used 113883K, committed 116544K, reserved 1179648K
  class space    used 15699K, committed 17024K, reserved 1048576K
}
Event: 87.209 GC heap after
{Heap after GC invocations=40 (full 0):
 garbage-first heap   total 356352K, used 202796K [0x0000000600000000, 0x0000000800000000)
  region size 4096K, 4 young (16384K), 4 survivors (16384K)
 Metaspace       used 113883K, committed 116544K, reserved 1179648K
  class space    used 15699K, committed 17024K, reserved 1048576K
}
Event: 91.934 GC heap before
{Heap before GC invocations=40 (full 0):
 garbage-first heap   total 356352K, used 317484K [0x0000000600000000, 0x0000000800000000)
  region size 4096K, 32 young (131072K), 4 survivors (16384K)
 Metaspace       used 114302K, committed 116992K, reserved 1179648K
  class space    used 15708K, committed 17024K, reserved 1048576K
}
Event: 91.977 GC heap after
{Heap after GC invocations=41 (full 0):
 garbage-first heap   total 356352K, used 211470K [0x0000000600000000, 0x0000000800000000)
  region size 4096K, 4 young (16384K), 4 survivors (16384K)
 Metaspace       used 114302K, committed 116992K, reserved 1179648K
  class space    used 15708K, committed 17024K, reserved 1048576K
}
Event: 101.291 GC heap before
{Heap before GC invocations=41 (full 0):
 garbage-first heap   total 356352K, used 317966K [0x0000000600000000, 0x0000000800000000)
  region size 4096K, 30 young (122880K), 4 survivors (16384K)
 Metaspace       used 114548K, committed 117248K, reserved 1179648K
  class space    used 15711K, committed 17024K, reserved 1048576K
}
Event: 101.376 GC heap after
{Heap after GC invocations=42 (full 0):
 garbage-first heap   total 356352K, used 223336K [0x0000000600000000, 0x0000000800000000)
  region size 4096K, 3 young (12288K), 3 survivors (12288K)
 Metaspace       used 114548K, committed 117248K, reserved 1179648K
  class space    used 15711K, committed 17024K, reserved 1048576K
}

